<?xml version="1.0" encoding="UTF-8"?>
<!-- Generated by org.testng.reporters.JUnitXMLReporter -->
<testsuite ignored="2" hostname="Arunima" failures="0" tests="1" name="Test" time="24.763" errors="0" timestamp="2025-07-16T22:23:07 EDT">
  <testcase classname="TestScripts.QALegendUserTest" name="editClient" time="19.826"/>
  <testcase classname="TestScripts.QALegendUserTest" name="addClient" time="0.0">
    <ignored/>
  </testcase> <!-- addClient -->
  <testcase classname="TestScripts.QALegendUserTest" name="deleteClient" time="0.0">
    <ignored/>
  </testcase> <!-- deleteClient -->
</testsuite> <!-- Test -->
